{"C:\\Users\\User\\Desktop\\experta\\functions\\oauth-handler\\handler.js": {"path":"C:\\Users\\User\\Desktop\\experta\\functions\\oauth-handler\\handler.js","statementMap":{"0":{"start":{"line":16,"column":98},"end":{"line":16,"column":140}},"1":{"start":{"line":17,"column":27},"end":{"line":17,"column":62}},"2":{"start":{"line":18,"column":35},"end":{"line":18,"column":67}},"3":{"start":{"line":19,"column":15},"end":{"line":19,"column":32}},"4":{"start":{"line":20,"column":14},"end":{"line":20,"column":30}},"5":{"start":{"line":21,"column":20},"end":{"line":21,"column":42}},"6":{"start":{"line":25,"column":0},"end":{"line":33,"column":1}},"7":{"start":{"line":26,"column":2},"end":{"line":26,"column":61}},"8":{"start":{"line":27,"column":2},"end":{"line":27,"column":65}},"9":{"start":{"line":28,"column":2},"end":{"line":28,"column":44}},"10":{"start":{"line":30,"column":2},"end":{"line":30,"column":66}},"11":{"start":{"line":31,"column":2},"end":{"line":31,"column":70}},"12":{"start":{"line":32,"column":2},"end":{"line":32,"column":49}},"13":{"start":{"line":35,"column":40},"end":{"line":35,"column":52}},"14":{"start":{"line":36,"column":29},"end":{"line":36,"column":35}},"15":{"start":{"line":38,"column":23},"end":{"line":38,"column":83}},"16":{"start":{"line":41,"column":32},"end":{"line":41,"column":72}},"17":{"start":{"line":42,"column":21},"end":{"line":42,"column":50}},"18":{"start":{"line":43,"column":21},"end":{"line":43,"column":73}},"19":{"start":{"line":46,"column":19},"end":{"line":46,"column":28}},"20":{"start":{"line":51,"column":0},"end":{"line":83,"column":2}},"21":{"start":{"line":52,"column":2},"end":{"line":56,"column":5}},"22":{"start":{"line":58,"column":2},"end":{"line":82,"column":3}},"23":{"start":{"line":60,"column":4},"end":{"line":62,"column":5}},"24":{"start":{"line":61,"column":6},"end":{"line":61,"column":52}},"25":{"start":{"line":64,"column":22},"end":{"line":64,"column":43}},"26":{"start":{"line":65,"column":21},"end":{"line":65,"column":52}},"27":{"start":{"line":68,"column":4},"end":{"line":78,"column":5}},"28":{"start":{"line":69,"column":6},"end":{"line":69,"column":52}},"29":{"start":{"line":70,"column":11},"end":{"line":78,"column":5}},"30":{"start":{"line":71,"column":6},"end":{"line":71,"column":51}},"31":{"start":{"line":72,"column":11},"end":{"line":78,"column":5}},"32":{"start":{"line":73,"column":6},"end":{"line":73,"column":50}},"33":{"start":{"line":74,"column":11},"end":{"line":78,"column":5}},"34":{"start":{"line":75,"column":6},"end":{"line":75,"column":53}},"35":{"start":{"line":77,"column":6},"end":{"line":77,"column":66}},"36":{"start":{"line":80,"column":4},"end":{"line":80,"column":52}},"37":{"start":{"line":81,"column":4},"end":{"line":81,"column":30}},"38":{"start":{"line":91,"column":18},"end":{"line":91,"column":55}},"39":{"start":{"line":93,"column":2},"end":{"line":95,"column":3}},"40":{"start":{"line":94,"column":4},"end":{"line":94,"column":82}},"41":{"start":{"line":98,"column":2},"end":{"line":100,"column":3}},"42":{"start":{"line":99,"column":4},"end":{"line":99,"column":97}},"43":{"start":{"line":103,"column":16},"end":{"line":103,"column":60}},"44":{"start":{"line":104,"column":2},"end":{"line":106,"column":3}},"45":{"start":{"line":105,"column":4},"end":{"line":105,"column":61}},"46":{"start":{"line":109,"column":30},"end":{"line":109,"column":68}},"47":{"start":{"line":110,"column":2},"end":{"line":114,"column":3}},"48":{"start":{"line":111,"column":4},"end":{"line":113,"column":7}},"49":{"start":{"line":117,"column":16},"end":{"line":117,"column":53}},"50":{"start":{"line":120,"column":2},"end":{"line":124,"column":5}},"51":{"start":{"line":127,"column":18},"end":{"line":127,"column":77}},"52":{"start":{"line":129,"column":2},"end":{"line":133,"column":5}},"53":{"start":{"line":135,"column":2},"end":{"line":138,"column":5}},"54":{"start":{"line":147,"column":15},"end":{"line":147,"column":48}},"55":{"start":{"line":148,"column":16},"end":{"line":148,"column":50}},"56":{"start":{"line":149,"column":16},"end":{"line":149,"column":50}},"57":{"start":{"line":152,"column":2},"end":{"line":158,"column":3}},"58":{"start":{"line":153,"column":4},"end":{"line":153,"column":55}},"59":{"start":{"line":154,"column":4},"end":{"line":157,"column":7}},"60":{"start":{"line":160,"column":2},"end":{"line":162,"column":3}},"61":{"start":{"line":161,"column":4},"end":{"line":161,"column":89}},"62":{"start":{"line":165,"column":20},"end":{"line":165,"column":41}},"63":{"start":{"line":166,"column":2},"end":{"line":168,"column":3}},"64":{"start":{"line":167,"column":4},"end":{"line":167,"column":76}},"65":{"start":{"line":170,"column":2},"end":{"line":173,"column":3}},"66":{"start":{"line":171,"column":4},"end":{"line":171,"column":29}},"67":{"start":{"line":172,"column":4},"end":{"line":172,"column":65}},"68":{"start":{"line":175,"column":47},"end":{"line":175,"column":56}},"69":{"start":{"line":176,"column":2},"end":{"line":176,"column":27}},"70":{"start":{"line":178,"column":2},"end":{"line":180,"column":3}},"71":{"start":{"line":179,"column":4},"end":{"line":179,"column":63}},"72":{"start":{"line":183,"column":30},"end":{"line":183,"column":68}},"73":{"start":{"line":184,"column":2},"end":{"line":186,"column":3}},"74":{"start":{"line":185,"column":4},"end":{"line":185,"column":76}},"75":{"start":{"line":189,"column":20},"end":{"line":189,"column":83}},"76":{"start":{"line":192,"column":22},"end":{"line":192,"column":78}},"77":{"start":{"line":195,"column":25},"end":{"line":200,"column":3}},"78":{"start":{"line":202,"column":24},"end":{"line":202,"column":28}},"79":{"start":{"line":203,"column":2},"end":{"line":210,"column":3}},"80":{"start":{"line":204,"column":4},"end":{"line":209,"column":6}},"81":{"start":{"line":213,"column":20},"end":{"line":215,"column":10}},"82":{"start":{"line":218,"column":2},"end":{"line":228,"column":5}},"83":{"start":{"line":231,"column":25},"end":{"line":233,"column":31}},"84":{"start":{"line":235,"column":2},"end":{"line":237,"column":5}},"85":{"start":{"line":239,"column":2},"end":{"line":243,"column":5}},"86":{"start":{"line":246,"column":22},"end":{"line":246,"column":90}},"87":{"start":{"line":248,"column":2},"end":{"line":257,"column":4}},"88":{"start":{"line":266,"column":15},"end":{"line":266,"column":45}},"89":{"start":{"line":267,"column":18},"end":{"line":267,"column":31}},"90":{"start":{"line":269,"column":2},"end":{"line":271,"column":3}},"91":{"start":{"line":270,"column":4},"end":{"line":270,"column":78}},"92":{"start":{"line":274,"column":21},"end":{"line":274,"column":76}},"93":{"start":{"line":275,"column":2},"end":{"line":277,"column":3}},"94":{"start":{"line":276,"column":4},"end":{"line":276,"column":72}},"95":{"start":{"line":279,"column":2},"end":{"line":281,"column":3}},"96":{"start":{"line":280,"column":4},"end":{"line":280,"column":72}},"97":{"start":{"line":284,"column":23},"end":{"line":284,"column":92}},"98":{"start":{"line":287,"column":30},"end":{"line":287,"column":68}},"99":{"start":{"line":290,"column":20},"end":{"line":290,"column":89}},"100":{"start":{"line":293,"column":2},"end":{"line":293,"column":96}},"101":{"start":{"line":296,"column":20},"end":{"line":298,"column":10}},"102":{"start":{"line":300,"column":2},"end":{"line":300,"column":77}},"103":{"start":{"line":302,"column":2},"end":{"line":302,"column":63}},"104":{"start":{"line":304,"column":2},"end":{"line":307,"column":5}},"105":{"start":{"line":316,"column":15},"end":{"line":316,"column":45}},"106":{"start":{"line":317,"column":18},"end":{"line":317,"column":31}},"107":{"start":{"line":319,"column":2},"end":{"line":321,"column":3}},"108":{"start":{"line":320,"column":4},"end":{"line":320,"column":78}},"109":{"start":{"line":324,"column":21},"end":{"line":324,"column":76}},"110":{"start":{"line":325,"column":2},"end":{"line":327,"column":3}},"111":{"start":{"line":326,"column":4},"end":{"line":326,"column":72}},"112":{"start":{"line":330,"column":2},"end":{"line":338,"column":3}},"113":{"start":{"line":331,"column":4},"end":{"line":331,"column":76}},"114":{"start":{"line":332,"column":4},"end":{"line":334,"column":5}},"115":{"start":{"line":333,"column":6},"end":{"line":333,"column":79}},"116":{"start":{"line":336,"column":4},"end":{"line":336,"column":72}},"117":{"start":{"line":341,"column":2},"end":{"line":341,"column":61}},"118":{"start":{"line":344,"column":25},"end":{"line":346,"column":31}},"119":{"start":{"line":348,"column":2},"end":{"line":350,"column":5}},"120":{"start":{"line":352,"column":2},"end":{"line":352,"column":70}},"121":{"start":{"line":354,"column":2},"end":{"line":357,"column":5}},"122":{"start":{"line":368,"column":22},"end":{"line":368,"column":60}},"123":{"start":{"line":369,"column":2},"end":{"line":369,"column":49}},"124":{"start":{"line":376,"column":2},"end":{"line":394,"column":3}},"125":{"start":{"line":377,"column":19},"end":{"line":383,"column":6}},"126":{"start":{"line":384,"column":4},"end":{"line":384,"column":65}},"127":{"start":{"line":385,"column":9},"end":{"line":394,"column":3}},"128":{"start":{"line":386,"column":19},"end":{"line":392,"column":6}},"129":{"start":{"line":393,"column":4},"end":{"line":393,"column":71}},"130":{"start":{"line":401,"column":2},"end":{"line":421,"column":3}},"131":{"start":{"line":402,"column":21},"end":{"line":408,"column":6}},"132":{"start":{"line":410,"column":4},"end":{"line":410,"column":96}},"133":{"start":{"line":411,"column":9},"end":{"line":421,"column":3}},"134":{"start":{"line":412,"column":21},"end":{"line":418,"column":6}},"135":{"start":{"line":420,"column":4},"end":{"line":420,"column":97}},"136":{"start":{"line":428,"column":2},"end":{"line":446,"column":3}},"137":{"start":{"line":429,"column":21},"end":{"line":434,"column":6}},"138":{"start":{"line":436,"column":4},"end":{"line":436,"column":96}},"139":{"start":{"line":437,"column":9},"end":{"line":446,"column":3}},"140":{"start":{"line":438,"column":21},"end":{"line":443,"column":6}},"141":{"start":{"line":445,"column":4},"end":{"line":445,"column":97}},"142":{"start":{"line":453,"column":2},"end":{"line":475,"column":3}},"143":{"start":{"line":454,"column":17},"end":{"line":458,"column":5}},"144":{"start":{"line":459,"column":4},"end":{"line":462,"column":6}},"145":{"start":{"line":463,"column":9},"end":{"line":475,"column":3}},"146":{"start":{"line":464,"column":17},"end":{"line":470,"column":5}},"147":{"start":{"line":471,"column":4},"end":{"line":474,"column":6}},"148":{"start":{"line":482,"column":2},"end":{"line":519,"column":5}},"149":{"start":{"line":483,"column":20},"end":{"line":491,"column":5}},"150":{"start":{"line":493,"column":4},"end":{"line":495,"column":5}},"151":{"start":{"line":494,"column":6},"end":{"line":494,"column":70}},"152":{"start":{"line":497,"column":16},"end":{"line":512,"column":6}},"153":{"start":{"line":498,"column":17},"end":{"line":498,"column":19}},"154":{"start":{"line":499,"column":6},"end":{"line":499,"column":47}},"155":{"start":{"line":499,"column":32},"end":{"line":499,"column":45}},"156":{"start":{"line":500,"column":6},"end":{"line":511,"column":9}},"157":{"start":{"line":501,"column":8},"end":{"line":510,"column":9}},"158":{"start":{"line":502,"column":25},"end":{"line":502,"column":41}},"159":{"start":{"line":503,"column":10},"end":{"line":507,"column":11}},"160":{"start":{"line":504,"column":12},"end":{"line":504,"column":28}},"161":{"start":{"line":506,"column":12},"end":{"line":506,"column":92}},"162":{"start":{"line":509,"column":10},"end":{"line":509,"column":53}},"163":{"start":{"line":514,"column":4},"end":{"line":514,"column":28}},"164":{"start":{"line":515,"column":4},"end":{"line":517,"column":5}},"165":{"start":{"line":516,"column":6},"end":{"line":516,"column":26}},"166":{"start":{"line":518,"column":4},"end":{"line":518,"column":14}},"167":{"start":{"line":526,"column":21},"end":{"line":526,"column":51}},"168":{"start":{"line":528,"column":2},"end":{"line":539,"column":3}},"169":{"start":{"line":529,"column":21},"end":{"line":531,"column":7}},"170":{"start":{"line":532,"column":4},"end":{"line":532,"column":45}},"171":{"start":{"line":534,"column":4},"end":{"line":537,"column":5}},"172":{"start":{"line":535,"column":6},"end":{"line":535,"column":69}},"173":{"start":{"line":536,"column":6},"end":{"line":536,"column":18}},"174":{"start":{"line":538,"column":4},"end":{"line":538,"column":16}},"175":{"start":{"line":546,"column":21},"end":{"line":546,"column":72}},"176":{"start":{"line":548,"column":19},"end":{"line":557,"column":5}},"177":{"start":{"line":559,"column":2},"end":{"line":559,"column":22}},"178":{"start":{"line":566,"column":19},"end":{"line":568,"column":5}},"179":{"start":{"line":569,"column":2},"end":{"line":569,"column":31}},"180":{"start":{"line":576,"column":34},"end":{"line":576,"column":76}},"181":{"start":{"line":577,"column":2},"end":{"line":580,"column":6}},"182":{"start":{"line":587,"column":2},"end":{"line":590,"column":6}}},"fnMap":{"0":{"name":"(anonymous_0)","decl":{"start":{"line":51,"column":18},"end":{"line":51,"column":19}},"loc":{"start":{"line":51,"column":44},"end":{"line":83,"column":1}},"line":51},"1":{"name":"handleAuthorize","decl":{"start":{"line":90,"column":15},"end":{"line":90,"column":30}},"loc":{"start":{"line":90,"column":48},"end":{"line":139,"column":1}},"line":90},"2":{"name":"handleCallback","decl":{"start":{"line":146,"column":15},"end":{"line":146,"column":29}},"loc":{"start":{"line":146,"column":47},"end":{"line":258,"column":1}},"line":146},"3":{"name":"handleRefresh","decl":{"start":{"line":265,"column":15},"end":{"line":265,"column":28}},"loc":{"start":{"line":265,"column":46},"end":{"line":308,"column":1}},"line":265},"4":{"name":"handleDisconnect","decl":{"start":{"line":315,"column":15},"end":{"line":315,"column":31}},"loc":{"start":{"line":315,"column":49},"end":{"line":358,"column":1}},"line":315},"5":{"name":"generateStateToken","decl":{"start":{"line":367,"column":9},"end":{"line":367,"column":27}},"loc":{"start":{"line":367,"column":47},"end":{"line":370,"column":1}},"line":367},"6":{"name":"buildAuthorizationUrl","decl":{"start":{"line":375,"column":9},"end":{"line":375,"column":30}},"loc":{"start":{"line":375,"column":61},"end":{"line":395,"column":1}},"line":375},"7":{"name":"exchangeCodeForToken","decl":{"start":{"line":400,"column":15},"end":{"line":400,"column":35}},"loc":{"start":{"line":400,"column":65},"end":{"line":422,"column":1}},"line":400},"8":{"name":"refreshAccessToken","decl":{"start":{"line":427,"column":15},"end":{"line":427,"column":33}},"loc":{"start":{"line":427,"column":71},"end":{"line":447,"column":1}},"line":427},"9":{"name":"fetchUserProfile","decl":{"start":{"line":452,"column":15},"end":{"line":452,"column":31}},"loc":{"start":{"line":452,"column":55},"end":{"line":476,"column":1}},"line":452},"10":{"name":"makeHttpsRequest","decl":{"start":{"line":481,"column":9},"end":{"line":481,"column":25}},"loc":{"start":{"line":481,"column":81},"end":{"line":520,"column":1}},"line":481},"11":{"name":"(anonymous_11)","decl":{"start":{"line":482,"column":21},"end":{"line":482,"column":22}},"loc":{"start":{"line":482,"column":42},"end":{"line":519,"column":3}},"line":482},"12":{"name":"(anonymous_12)","decl":{"start":{"line":497,"column":39},"end":{"line":497,"column":40}},"loc":{"start":{"line":497,"column":48},"end":{"line":512,"column":5}},"line":497},"13":{"name":"(anonymous_13)","decl":{"start":{"line":499,"column":21},"end":{"line":499,"column":22}},"loc":{"start":{"line":499,"column":32},"end":{"line":499,"column":45}},"line":499},"14":{"name":"(anonymous_14)","decl":{"start":{"line":500,"column":20},"end":{"line":500,"column":21}},"loc":{"start":{"line":500,"column":26},"end":{"line":511,"column":7}},"line":500},"15":{"name":"getPlatformCredentials","decl":{"start":{"line":525,"column":15},"end":{"line":525,"column":37}},"loc":{"start":{"line":525,"column":48},"end":{"line":540,"column":1}},"line":525},"16":{"name":"storeTokenInSecretsManager","decl":{"start":{"line":545,"column":15},"end":{"line":545,"column":41}},"loc":{"start":{"line":545,"column":84},"end":{"line":560,"column":1}},"line":545},"17":{"name":"getTokenFromSecretsManager","decl":{"start":{"line":565,"column":15},"end":{"line":565,"column":41}},"loc":{"start":{"line":565,"column":53},"end":{"line":570,"column":1}},"line":565},"18":{"name":"updateTokenInSecretsManager","decl":{"start":{"line":575,"column":15},"end":{"line":575,"column":42}},"loc":{"start":{"line":575,"column":69},"end":{"line":581,"column":1}},"line":575},"19":{"name":"deleteTokenFromSecretsManager","decl":{"start":{"line":586,"column":15},"end":{"line":586,"column":44}},"loc":{"start":{"line":586,"column":56},"end":{"line":591,"column":1}},"line":586}},"branchMap":{"0":{"loc":{"start":{"line":43,"column":21},"end":{"line":43,"column":73}},"type":"binary-expr","locations":[{"start":{"line":43,"column":21},"end":{"line":43,"column":45}},{"start":{"line":43,"column":49},"end":{"line":43,"column":73}}],"line":43},"1":{"loc":{"start":{"line":60,"column":4},"end":{"line":62,"column":5}},"type":"if","locations":[{"start":{"line":60,"column":4},"end":{"line":62,"column":5}},{"start":{},"end":{}}],"line":60},"2":{"loc":{"start":{"line":68,"column":4},"end":{"line":78,"column":5}},"type":"if","locations":[{"start":{"line":68,"column":4},"end":{"line":78,"column":5}},{"start":{"line":70,"column":11},"end":{"line":78,"column":5}}],"line":68},"3":{"loc":{"start":{"line":70,"column":11},"end":{"line":78,"column":5}},"type":"if","locations":[{"start":{"line":70,"column":11},"end":{"line":78,"column":5}},{"start":{"line":72,"column":11},"end":{"line":78,"column":5}}],"line":70},"4":{"loc":{"start":{"line":72,"column":11},"end":{"line":78,"column":5}},"type":"if","locations":[{"start":{"line":72,"column":11},"end":{"line":78,"column":5}},{"start":{"line":74,"column":11},"end":{"line":78,"column":5}}],"line":72},"5":{"loc":{"start":{"line":74,"column":11},"end":{"line":78,"column":5}},"type":"if","locations":[{"start":{"line":74,"column":11},"end":{"line":78,"column":5}},{"start":{"line":76,"column":11},"end":{"line":78,"column":5}}],"line":74},"6":{"loc":{"start":{"line":93,"column":2},"end":{"line":95,"column":3}},"type":"if","locations":[{"start":{"line":93,"column":2},"end":{"line":95,"column":3}},{"start":{},"end":{}}],"line":93},"7":{"loc":{"start":{"line":98,"column":2},"end":{"line":100,"column":3}},"type":"if","locations":[{"start":{"line":98,"column":2},"end":{"line":100,"column":3}},{"start":{},"end":{}}],"line":98},"8":{"loc":{"start":{"line":104,"column":2},"end":{"line":106,"column":3}},"type":"if","locations":[{"start":{"line":104,"column":2},"end":{"line":106,"column":3}},{"start":{},"end":{}}],"line":104},"9":{"loc":{"start":{"line":110,"column":2},"end":{"line":114,"column":3}},"type":"if","locations":[{"start":{"line":110,"column":2},"end":{"line":114,"column":3}},{"start":{},"end":{}}],"line":110},"10":{"loc":{"start":{"line":152,"column":2},"end":{"line":158,"column":3}},"type":"if","locations":[{"start":{"line":152,"column":2},"end":{"line":158,"column":3}},{"start":{},"end":{}}],"line":152},"11":{"loc":{"start":{"line":160,"column":2},"end":{"line":162,"column":3}},"type":"if","locations":[{"start":{"line":160,"column":2},"end":{"line":162,"column":3}},{"start":{},"end":{}}],"line":160},"12":{"loc":{"start":{"line":160,"column":6},"end":{"line":160,"column":21}},"type":"binary-expr","locations":[{"start":{"line":160,"column":6},"end":{"line":160,"column":11}},{"start":{"line":160,"column":15},"end":{"line":160,"column":21}}],"line":160},"13":{"loc":{"start":{"line":166,"column":2},"end":{"line":168,"column":3}},"type":"if","locations":[{"start":{"line":166,"column":2},"end":{"line":168,"column":3}},{"start":{},"end":{}}],"line":166},"14":{"loc":{"start":{"line":170,"column":2},"end":{"line":173,"column":3}},"type":"if","locations":[{"start":{"line":170,"column":2},"end":{"line":173,"column":3}},{"start":{},"end":{}}],"line":170},"15":{"loc":{"start":{"line":178,"column":2},"end":{"line":180,"column":3}},"type":"if","locations":[{"start":{"line":178,"column":2},"end":{"line":180,"column":3}},{"start":{},"end":{}}],"line":178},"16":{"loc":{"start":{"line":184,"column":2},"end":{"line":186,"column":3}},"type":"if","locations":[{"start":{"line":184,"column":2},"end":{"line":186,"column":3}},{"start":{},"end":{}}],"line":184},"17":{"loc":{"start":{"line":203,"column":2},"end":{"line":210,"column":3}},"type":"if","locations":[{"start":{"line":203,"column":2},"end":{"line":210,"column":3}},{"start":{},"end":{}}],"line":203},"18":{"loc":{"start":{"line":213,"column":20},"end":{"line":215,"column":10}},"type":"cond-expr","locations":[{"start":{"line":214,"column":6},"end":{"line":214,"column":70}},{"start":{"line":215,"column":6},"end":{"line":215,"column":10}}],"line":213},"19":{"loc":{"start":{"line":226,"column":20},"end":{"line":226,"column":69}},"type":"cond-expr","locations":[{"start":{"line":226,"column":38},"end":{"line":226,"column":64}},{"start":{"line":226,"column":67},"end":{"line":226,"column":69}}],"line":226},"20":{"loc":{"start":{"line":231,"column":25},"end":{"line":233,"column":31}},"type":"cond-expr","locations":[{"start":{"line":232,"column":6},"end":{"line":232,"column":32}},{"start":{"line":233,"column":6},"end":{"line":233,"column":31}}],"line":231},"21":{"loc":{"start":{"line":266,"column":26},"end":{"line":266,"column":44}},"type":"binary-expr","locations":[{"start":{"line":266,"column":26},"end":{"line":266,"column":36}},{"start":{"line":266,"column":40},"end":{"line":266,"column":44}}],"line":266},"22":{"loc":{"start":{"line":269,"column":2},"end":{"line":271,"column":3}},"type":"if","locations":[{"start":{"line":269,"column":2},"end":{"line":271,"column":3}},{"start":{},"end":{}}],"line":269},"23":{"loc":{"start":{"line":275,"column":2},"end":{"line":277,"column":3}},"type":"if","locations":[{"start":{"line":275,"column":2},"end":{"line":277,"column":3}},{"start":{},"end":{}}],"line":275},"24":{"loc":{"start":{"line":279,"column":2},"end":{"line":281,"column":3}},"type":"if","locations":[{"start":{"line":279,"column":2},"end":{"line":281,"column":3}},{"start":{},"end":{}}],"line":279},"25":{"loc":{"start":{"line":296,"column":20},"end":{"line":298,"column":10}},"type":"cond-expr","locations":[{"start":{"line":297,"column":6},"end":{"line":297,"column":70}},{"start":{"line":298,"column":6},"end":{"line":298,"column":10}}],"line":296},"26":{"loc":{"start":{"line":316,"column":26},"end":{"line":316,"column":44}},"type":"binary-expr","locations":[{"start":{"line":316,"column":26},"end":{"line":316,"column":36}},{"start":{"line":316,"column":40},"end":{"line":316,"column":44}}],"line":316},"27":{"loc":{"start":{"line":319,"column":2},"end":{"line":321,"column":3}},"type":"if","locations":[{"start":{"line":319,"column":2},"end":{"line":321,"column":3}},{"start":{},"end":{}}],"line":319},"28":{"loc":{"start":{"line":325,"column":2},"end":{"line":327,"column":3}},"type":"if","locations":[{"start":{"line":325,"column":2},"end":{"line":327,"column":3}},{"start":{},"end":{}}],"line":325},"29":{"loc":{"start":{"line":332,"column":4},"end":{"line":334,"column":5}},"type":"if","locations":[{"start":{"line":332,"column":4},"end":{"line":334,"column":5}},{"start":{},"end":{}}],"line":332},"30":{"loc":{"start":{"line":344,"column":25},"end":{"line":346,"column":31}},"type":"cond-expr","locations":[{"start":{"line":345,"column":6},"end":{"line":345,"column":32}},{"start":{"line":346,"column":6},"end":{"line":346,"column":31}}],"line":344},"31":{"loc":{"start":{"line":376,"column":2},"end":{"line":394,"column":3}},"type":"if","locations":[{"start":{"line":376,"column":2},"end":{"line":394,"column":3}},{"start":{"line":385,"column":9},"end":{"line":394,"column":3}}],"line":376},"32":{"loc":{"start":{"line":385,"column":9},"end":{"line":394,"column":3}},"type":"if","locations":[{"start":{"line":385,"column":9},"end":{"line":394,"column":3}},{"start":{},"end":{}}],"line":385},"33":{"loc":{"start":{"line":401,"column":2},"end":{"line":421,"column":3}},"type":"if","locations":[{"start":{"line":401,"column":2},"end":{"line":421,"column":3}},{"start":{"line":411,"column":9},"end":{"line":421,"column":3}}],"line":401},"34":{"loc":{"start":{"line":411,"column":9},"end":{"line":421,"column":3}},"type":"if","locations":[{"start":{"line":411,"column":9},"end":{"line":421,"column":3}},{"start":{},"end":{}}],"line":411},"35":{"loc":{"start":{"line":428,"column":2},"end":{"line":446,"column":3}},"type":"if","locations":[{"start":{"line":428,"column":2},"end":{"line":446,"column":3}},{"start":{"line":437,"column":9},"end":{"line":446,"column":3}}],"line":428},"36":{"loc":{"start":{"line":437,"column":9},"end":{"line":446,"column":3}},"type":"if","locations":[{"start":{"line":437,"column":9},"end":{"line":446,"column":3}},{"start":{},"end":{}}],"line":437},"37":{"loc":{"start":{"line":453,"column":2},"end":{"line":475,"column":3}},"type":"if","locations":[{"start":{"line":453,"column":2},"end":{"line":475,"column":3}},{"start":{"line":463,"column":9},"end":{"line":475,"column":3}}],"line":453},"38":{"loc":{"start":{"line":463,"column":9},"end":{"line":475,"column":3}},"type":"if","locations":[{"start":{"line":463,"column":9},"end":{"line":475,"column":3}},{"start":{},"end":{}}],"line":463},"39":{"loc":{"start":{"line":481,"column":50},"end":{"line":481,"column":65}},"type":"default-arg","locations":[{"start":{"line":481,"column":61},"end":{"line":481,"column":65}}],"line":481},"40":{"loc":{"start":{"line":481,"column":67},"end":{"line":481,"column":79}},"type":"default-arg","locations":[{"start":{"line":481,"column":77},"end":{"line":481,"column":79}}],"line":481},"41":{"loc":{"start":{"line":493,"column":4},"end":{"line":495,"column":5}},"type":"if","locations":[{"start":{"line":493,"column":4},"end":{"line":495,"column":5}},{"start":{},"end":{}}],"line":493},"42":{"loc":{"start":{"line":503,"column":10},"end":{"line":507,"column":11}},"type":"if","locations":[{"start":{"line":503,"column":10},"end":{"line":507,"column":11}},{"start":{"line":505,"column":17},"end":{"line":507,"column":11}}],"line":503},"43":{"loc":{"start":{"line":503,"column":14},"end":{"line":503,"column":59}},"type":"binary-expr","locations":[{"start":{"line":503,"column":14},"end":{"line":503,"column":35}},{"start":{"line":503,"column":39},"end":{"line":503,"column":59}}],"line":503},"44":{"loc":{"start":{"line":506,"column":29},"end":{"line":506,"column":89}},"type":"binary-expr","locations":[{"start":{"line":506,"column":29},"end":{"line":506,"column":53}},{"start":{"line":506,"column":57},"end":{"line":506,"column":69}},{"start":{"line":506,"column":73},"end":{"line":506,"column":89}}],"line":506},"45":{"loc":{"start":{"line":515,"column":4},"end":{"line":517,"column":5}},"type":"if","locations":[{"start":{"line":515,"column":4},"end":{"line":517,"column":5}},{"start":{},"end":{}}],"line":515},"46":{"loc":{"start":{"line":534,"column":4},"end":{"line":537,"column":5}},"type":"if","locations":[{"start":{"line":534,"column":4},"end":{"line":537,"column":5}},{"start":{},"end":{}}],"line":534}},"s":{"0":2,"1":2,"2":2,"3":2,"4":2,"5":2,"6":2,"7":2,"8":0,"9":0,"10":2,"11":2,"12":2,"13":2,"14":2,"15":2,"16":2,"17":2,"18":2,"19":2,"20":2,"21":115,"22":115,"23":115,"24":1,"25":114,"26":114,"27":114,"28":5,"29":109,"30":103,"31":6,"32":2,"33":4,"34":4,"35":0,"36":1,"37":1,"38":5,"39":5,"40":1,"41":4,"42":1,"43":3,"44":3,"45":1,"46":2,"47":2,"48":0,"49":2,"50":2,"51":2,"52":2,"53":2,"54":103,"55":103,"56":103,"57":103,"58":0,"59":0,"60":103,"61":2,"62":101,"63":101,"64":101,"65":0,"66":0,"67":0,"68":0,"69":0,"70":0,"71":0,"72":0,"73":0,"74":0,"75":0,"76":0,"77":0,"78":0,"79":0,"80":0,"81":0,"82":0,"83":0,"84":0,"85":0,"86":0,"87":0,"88":2,"89":2,"90":2,"91":0,"92":2,"93":2,"94":0,"95":2,"96":1,"97":1,"98":1,"99":0,"100":0,"101":0,"102":0,"103":0,"104":0,"105":4,"106":4,"107":4,"108":1,"109":3,"110":3,"111":1,"112":2,"113":2,"114":2,"115":1,"116":0,"117":2,"118":2,"119":2,"120":2,"121":2,"122":2,"123":2,"124":2,"125":1,"126":1,"127":1,"128":1,"129":1,"130":0,"131":0,"132":0,"133":0,"134":0,"135":0,"136":0,"137":0,"138":0,"139":0,"140":0,"141":0,"142":0,"143":0,"144":0,"145":0,"146":0,"147":0,"148":0,"149":0,"150":0,"151":0,"152":0,"153":0,"154":0,"155":0,"156":0,"157":0,"158":0,"159":0,"160":0,"161":0,"162":0,"163":0,"164":0,"165":0,"166":0,"167":3,"168":3,"169":3,"170":3,"171":1,"172":0,"173":0,"174":1,"175":0,"176":0,"177":0,"178":1,"179":1,"180":0,"181":0,"182":3},"f":{"0":115,"1":5,"2":103,"3":2,"4":4,"5":2,"6":2,"7":0,"8":0,"9":0,"10":0,"11":0,"12":0,"13":0,"14":0,"15":3,"16":0,"17":1,"18":0,"19":3},"b":{"0":[2,2],"1":[1,114],"2":[5,109],"3":[103,6],"4":[2,4],"5":[4,0],"6":[1,4],"7":[1,3],"8":[1,2],"9":[0,2],"10":[0,103],"11":[2,101],"12":[103,102],"13":[101,0],"14":[0,0],"15":[0,0],"16":[0,0],"17":[0,0],"18":[0,0],"19":[0,0],"20":[0,0],"21":[2,0],"22":[0,2],"23":[0,2],"24":[1,1],"25":[0,0],"26":[4,0],"27":[1,3],"28":[1,2],"29":[1,1],"30":[1,1],"31":[1,1],"32":[1,0],"33":[0,0],"34":[0,0],"35":[0,0],"36":[0,0],"37":[0,0],"38":[0,0],"39":[0],"40":[0],"41":[0,0],"42":[0,0],"43":[0,0],"44":[0,0,0],"45":[0,0],"46":[0,1]},"_coverageSchema":"1a1c01bbd47fc00a2c39e90264f33305004495a9","hash":"c87c480de733996c91ea38f0856ebf72c82743e5"}
}
