TN:
SF:handler.js
FN:51,(anonymous_0)
FN:90,handleAuthorize
FN:146,handleCallback
FN:265,handleRefresh
FN:315,handleDisconnect
FN:367,generateStateToken
FN:375,buildAuthorizationUrl
FN:400,exchangeCodeForToken
FN:427,refreshAccessToken
FN:452,fetchUserProfile
FN:481,makeHttpsRequest
FN:482,(anonymous_11)
FN:497,(anonymous_12)
FN:499,(anonymous_13)
FN:500,(anonymous_14)
FN:525,getPlatformCredentials
FN:545,storeTokenInSecretsManager
FN:565,getTokenFromSecretsManager
FN:575,updateTokenInSecretsManager
FN:586,deleteTokenFromSecretsManager
FNF:20
FNH:10
FNDA:115,(anonymous_0)
FNDA:5,handleAuthorize
FNDA:103,handleCallback
FNDA:2,handleRefresh
FNDA:4,handleDisconnect
FNDA:2,generateStateToken
FNDA:2,buildAuthorizationUrl
FNDA:0,exchangeCodeForToken
FNDA:0,refreshAccessToken
FNDA:0,fetchUserProfile
FNDA:0,makeHttpsRequest
FNDA:0,(anonymous_11)
FNDA:0,(anonymous_12)
FNDA:0,(anonymous_13)
FNDA:0,(anonymous_14)
FNDA:3,getPlatformCredentials
FNDA:0,storeTokenInSecretsManager
FNDA:1,getTokenFromSecretsManager
FNDA:0,updateTokenInSecretsManager
FNDA:3,deleteTokenFromSecretsManager
DA:16,2
DA:17,2
DA:18,2
DA:19,2
DA:20,2
DA:21,2
DA:25,2
DA:26,2
DA:27,0
DA:28,0
DA:30,2
DA:31,2
DA:32,2
DA:35,2
DA:36,2
DA:38,2
DA:41,2
DA:42,2
DA:43,2
DA:46,2
DA:51,2
DA:52,115
DA:58,115
DA:60,115
DA:61,1
DA:64,114
DA:65,114
DA:68,114
DA:69,5
DA:70,109
DA:71,103
DA:72,6
DA:73,2
DA:74,4
DA:75,4
DA:77,0
DA:80,1
DA:81,1
DA:91,5
DA:93,5
DA:94,1
DA:98,4
DA:99,1
DA:103,3
DA:104,3
DA:105,1
DA:109,2
DA:110,2
DA:111,0
DA:117,2
DA:120,2
DA:127,2
DA:129,2
DA:135,2
DA:147,103
DA:148,103
DA:149,103
DA:152,103
DA:153,0
DA:154,0
DA:160,103
DA:161,2
DA:165,101
DA:166,101
DA:167,101
DA:170,0
DA:171,0
DA:172,0
DA:175,0
DA:176,0
DA:178,0
DA:179,0
DA:183,0
DA:184,0
DA:185,0
DA:189,0
DA:192,0
DA:195,0
DA:202,0
DA:203,0
DA:204,0
DA:213,0
DA:218,0
DA:231,0
DA:235,0
DA:239,0
DA:246,0
DA:248,0
DA:266,2
DA:267,2
DA:269,2
DA:270,0
DA:274,2
DA:275,2
DA:276,0
DA:279,2
DA:280,1
DA:284,1
DA:287,1
DA:290,0
DA:293,0
DA:296,0
DA:300,0
DA:302,0
DA:304,0
DA:316,4
DA:317,4
DA:319,4
DA:320,1
DA:324,3
DA:325,3
DA:326,1
DA:330,2
DA:331,2
DA:332,2
DA:333,1
DA:336,0
DA:341,2
DA:344,2
DA:348,2
DA:352,2
DA:354,2
DA:368,2
DA:369,2
DA:376,2
DA:377,1
DA:384,1
DA:385,1
DA:386,1
DA:393,1
DA:401,0
DA:402,0
DA:410,0
DA:411,0
DA:412,0
DA:420,0
DA:428,0
DA:429,0
DA:436,0
DA:437,0
DA:438,0
DA:445,0
DA:453,0
DA:454,0
DA:459,0
DA:463,0
DA:464,0
DA:471,0
DA:482,0
DA:483,0
DA:493,0
DA:494,0
DA:497,0
DA:498,0
DA:499,0
DA:500,0
DA:501,0
DA:502,0
DA:503,0
DA:504,0
DA:506,0
DA:509,0
DA:514,0
DA:515,0
DA:516,0
DA:518,0
DA:526,3
DA:528,3
DA:529,3
DA:532,3
DA:534,1
DA:535,0
DA:536,0
DA:538,1
DA:546,0
DA:548,0
DA:559,0
DA:566,1
DA:569,1
DA:576,0
DA:577,0
DA:587,3
LF:182
LH:101
BRDA:43,0,0,2
BRDA:43,0,1,2
BRDA:60,1,0,1
BRDA:60,1,1,114
BRDA:68,2,0,5
BRDA:68,2,1,109
BRDA:70,3,0,103
BRDA:70,3,1,6
BRDA:72,4,0,2
BRDA:72,4,1,4
BRDA:74,5,0,4
BRDA:74,5,1,0
BRDA:93,6,0,1
BRDA:93,6,1,4
BRDA:98,7,0,1
BRDA:98,7,1,3
BRDA:104,8,0,1
BRDA:104,8,1,2
BRDA:110,9,0,0
BRDA:110,9,1,2
BRDA:152,10,0,0
BRDA:152,10,1,103
BRDA:160,11,0,2
BRDA:160,11,1,101
BRDA:160,12,0,103
BRDA:160,12,1,102
BRDA:166,13,0,101
BRDA:166,13,1,0
BRDA:170,14,0,0
BRDA:170,14,1,0
BRDA:178,15,0,0
BRDA:178,15,1,0
BRDA:184,16,0,0
BRDA:184,16,1,0
BRDA:203,17,0,0
BRDA:203,17,1,0
BRDA:213,18,0,0
BRDA:213,18,1,0
BRDA:226,19,0,0
BRDA:226,19,1,0
BRDA:231,20,0,0
BRDA:231,20,1,0
BRDA:266,21,0,2
BRDA:266,21,1,0
BRDA:269,22,0,0
BRDA:269,22,1,2
BRDA:275,23,0,0
BRDA:275,23,1,2
BRDA:279,24,0,1
BRDA:279,24,1,1
BRDA:296,25,0,0
BRDA:296,25,1,0
BRDA:316,26,0,4
BRDA:316,26,1,0
BRDA:319,27,0,1
BRDA:319,27,1,3
BRDA:325,28,0,1
BRDA:325,28,1,2
BRDA:332,29,0,1
BRDA:332,29,1,1
BRDA:344,30,0,1
BRDA:344,30,1,1
BRDA:376,31,0,1
BRDA:376,31,1,1
BRDA:385,32,0,1
BRDA:385,32,1,0
BRDA:401,33,0,0
BRDA:401,33,1,0
BRDA:411,34,0,0
BRDA:411,34,1,0
BRDA:428,35,0,0
BRDA:428,35,1,0
BRDA:437,36,0,0
BRDA:437,36,1,0
BRDA:453,37,0,0
BRDA:453,37,1,0
BRDA:463,38,0,0
BRDA:463,38,1,0
BRDA:481,39,0,0
BRDA:481,40,0,0
BRDA:493,41,0,0
BRDA:493,41,1,0
BRDA:503,42,0,0
BRDA:503,42,1,0
BRDA:503,43,0,0
BRDA:503,43,1,0
BRDA:506,44,0,0
BRDA:506,44,1,0
BRDA:506,44,2,0
BRDA:515,45,0,0
BRDA:515,45,1,0
BRDA:534,46,0,0
BRDA:534,46,1,1
BRF:93
BRH:42
end_of_record
